[2016-08-24 00:28:14.506] ERROR CDKX.Web.Areas.Admin.Controllers.SystemController.Error 12 
值不能为 null。
参数名: 参数“json”不能为空引用。
System.ArgumentNullException: 值不能为 null。
参数名: 参数“json”不能为空引用。
   在 OSharp.Utility.ParamterCheckExtensions.Require[TException](Boolean assertion, String message)
   在 OSharp.Utility.ParamterCheckExtensions.CheckNotNull[T](T value, String paramName)
   在 OSharp.Utility.Extensions.StringExtensions.FromJsonString[T](String json)
   在 CDKX.Web.Areas.Admin.Controllers.SystemController.<>c.<GetOperateLogData>b__4_0(OperateLog m) 位置 D:\Work\CDKX\CDKX.Web\Areas\Admin\Controllers\SystemController.cs:行号 42
   在 System.Linq.Enumerable.WhereSelectEnumerableIterator`2.MoveNext()
   在 System.Collections.Generic.List`1..ctor(IEnumerable`1 collection)
   在 System.Linq.Enumerable.ToList[TSource](IEnumerable`1 source)
   在 CDKX.Web.Areas.Admin.Controllers.SystemController.GetOperateLogData() 位置 D:\Work\CDKX\CDKX.Web\Areas\Admin\Controllers\SystemController.cs:行号 42
   在 lambda_method(Closure , ControllerBase , Object[] )
   在 System.Web.Mvc.ActionMethodDispatcher.Execute(ControllerBase controller, Object[] parameters)
   在 System.Web.Mvc.ReflectedActionDescriptor.Execute(ControllerContext controllerContext, IDictionary`2 parameters)
   在 System.Web.Mvc.ControllerActionInvoker.InvokeActionMethod(ControllerContext controllerContext, ActionDescriptor actionDescriptor, IDictionary`2 parameters)
   在 System.Web.Mvc.Async.AsyncControllerActionInvoker.ActionInvocation.InvokeSynchronousActionMethod()
   在 System.Web.Mvc.Async.AsyncControllerActionInvoker.<BeginInvokeSynchronousActionMethod>b__39(IAsyncResult asyncResult, ActionInvocation innerInvokeState)
   在 System.Web.Mvc.Async.AsyncResultWrapper.WrappedAsyncResult`2.CallEndDelegate(IAsyncResult asyncResult)
   在 System.Web.Mvc.Async.AsyncResultWrapper.WrappedAsyncResultBase`1.End()
   在 System.Web.Mvc.Async.AsyncResultWrapper.End[TResult](IAsyncResult asyncResult, Object tag)
   在 System.Web.Mvc.Async.AsyncControllerActionInvoker.EndInvokeActionMethod(IAsyncResult asyncResult)
   在 System.Web.Mvc.Async.AsyncControllerActionInvoker.AsyncInvocationWithFilters.<InvokeActionMethodFilterAsynchronouslyRecursive>b__3d()
   在 System.Web.Mvc.Async.AsyncControllerActionInvoker.AsyncInvocationWithFilters.<>c__DisplayClass46.<InvokeActionMethodFilterAsynchronouslyRecursive>b__3f()
   在 System.Web.Mvc.Async.AsyncControllerActionInvoker.AsyncInvocationWithFilters.<>c__DisplayClass46.<InvokeActionMethodFilterAsynchronouslyRecursive>b__3f()
   在 System.Web.Mvc.Async.AsyncControllerActionInvoker.AsyncInvocationWithFilters.<>c__DisplayClass46.<InvokeActionMethodFilterAsynchronouslyRecursive>b__3f()
   在 System.Web.Mvc.Async.AsyncControllerActionInvoker.<>c__DisplayClass33.<BeginInvokeActionMethodWithFilters>b__32(IAsyncResult asyncResult)
   在 System.Web.Mvc.Async.AsyncResultWrapper.WrappedAsyncResult`1.CallEndDelegate(IAsyncResult asyncResult)
   在 System.Web.Mvc.Async.AsyncResultWrapper.WrappedAsyncResultBase`1.End()
   在 System.Web.Mvc.Async.AsyncResultWrapper.End[TResult](IAsyncResult asyncResult, Object tag)
   在 System.Web.Mvc.Async.AsyncControllerActionInvoker.EndInvokeActionMethodWithFilters(IAsyncResult asyncResult)
   在 System.Web.Mvc.Async.AsyncControllerActionInvoker.<>c__DisplayClass21.<>c__DisplayClass2b.<BeginInvokeAction>b__1c()
   在 System.Web.Mvc.Async.AsyncControllerActionInvoker.<>c__DisplayClass21.<BeginInvokeAction>b__1e(IAsyncResult asyncResult)
[2016-08-24 00:28:14.528] ERROR CDKX.Web.Areas.Admin.Controllers.SystemController.Error 12 
值不能为 null。
参数名: 参数“json”不能为空引用。
System.ArgumentNullException: 值不能为 null。
参数名: 参数“json”不能为空引用。
   在 OSharp.Utility.ParamterCheckExtensions.Require[TException](Boolean assertion, String message)
   在 OSharp.Utility.ParamterCheckExtensions.CheckNotNull[T](T value, String paramName)
   在 OSharp.Utility.Extensions.StringExtensions.FromJsonString[T](String json)
   在 CDKX.Web.Areas.Admin.Controllers.SystemController.<>c.<GetOperateLogData>b__4_0(OperateLog m) 位置 D:\Work\CDKX\CDKX.Web\Areas\Admin\Controllers\SystemController.cs:行号 42
   在 System.Linq.Enumerable.WhereSelectEnumerableIterator`2.MoveNext()
   在 System.Collections.Generic.List`1..ctor(IEnumerable`1 collection)
   在 System.Linq.Enumerable.ToList[TSource](IEnumerable`1 source)
   在 CDKX.Web.Areas.Admin.Controllers.SystemController.GetOperateLogData() 位置 D:\Work\CDKX\CDKX.Web\Areas\Admin\Controllers\SystemController.cs:行号 42
   在 lambda_method(Closure , ControllerBase , Object[] )
   在 System.Web.Mvc.ActionMethodDispatcher.Execute(ControllerBase controller, Object[] parameters)
   在 System.Web.Mvc.ReflectedActionDescriptor.Execute(ControllerContext controllerContext, IDictionary`2 parameters)
   在 System.Web.Mvc.ControllerActionInvoker.InvokeActionMethod(ControllerContext controllerContext, ActionDescriptor actionDescriptor, IDictionary`2 parameters)
   在 System.Web.Mvc.Async.AsyncControllerActionInvoker.ActionInvocation.InvokeSynchronousActionMethod()
   在 System.Web.Mvc.Async.AsyncControllerActionInvoker.<BeginInvokeSynchronousActionMethod>b__39(IAsyncResult asyncResult, ActionInvocation innerInvokeState)
   在 System.Web.Mvc.Async.AsyncResultWrapper.WrappedAsyncResult`2.CallEndDelegate(IAsyncResult asyncResult)
   在 System.Web.Mvc.Async.AsyncResultWrapper.WrappedAsyncResultBase`1.End()
   在 System.Web.Mvc.Async.AsyncResultWrapper.End[TResult](IAsyncResult asyncResult, Object tag)
   在 System.Web.Mvc.Async.AsyncControllerActionInvoker.EndInvokeActionMethod(IAsyncResult asyncResult)
   在 System.Web.Mvc.Async.AsyncControllerActionInvoker.AsyncInvocationWithFilters.<InvokeActionMethodFilterAsynchronouslyRecursive>b__3d()
   在 System.Web.Mvc.Async.AsyncControllerActionInvoker.AsyncInvocationWithFilters.<>c__DisplayClass46.<InvokeActionMethodFilterAsynchronouslyRecursive>b__3f()
   在 System.Web.Mvc.Async.AsyncControllerActionInvoker.AsyncInvocationWithFilters.<>c__DisplayClass46.<InvokeActionMethodFilterAsynchronouslyRecursive>b__3f()
   在 System.Web.Mvc.Async.AsyncControllerActionInvoker.AsyncInvocationWithFilters.<>c__DisplayClass46.<InvokeActionMethodFilterAsynchronouslyRecursive>b__3f()
   在 System.Web.Mvc.Async.AsyncControllerActionInvoker.<>c__DisplayClass33.<BeginInvokeActionMethodWithFilters>b__32(IAsyncResult asyncResult)
   在 System.Web.Mvc.Async.AsyncResultWrapper.WrappedAsyncResult`1.CallEndDelegate(IAsyncResult asyncResult)
   在 System.Web.Mvc.Async.AsyncResultWrapper.WrappedAsyncResultBase`1.End()
   在 System.Web.Mvc.Async.AsyncResultWrapper.End[TResult](IAsyncResult asyncResult, Object tag)
   在 System.Web.Mvc.Async.AsyncControllerActionInvoker.EndInvokeActionMethodWithFilters(IAsyncResult asyncResult)
   在 System.Web.Mvc.Async.AsyncControllerActionInvoker.<>c__DisplayClass21.<>c__DisplayClass2b.<BeginInvokeAction>b__1c()
   在 System.Web.Mvc.Async.AsyncControllerActionInvoker.<>c__DisplayClass21.<BeginInvokeAction>b__1e(IAsyncResult asyncResult)
